# JRE version: OpenJDK Runtime Environment (13.0.2+8) (build 13.0.2+8)
# Java VM: OpenJDK 64-Bit Server VM (13.0.2+8, mixed mode, sharing, tiered, compressed oops, g1 gc, bsd-amd64)
Heap:
 garbage-first heap   total 57344K, used 17057K [0x00000007e0000000, 0x0000000800000000)
  region size 1024K, 13 young (13312K), 9 survivors (9216K)
 Metaspace       used 26167K, capacity 26698K, committed 27056K, reserved 1073152K
  class space    used 3221K, capacity 3443K, committed 3584K, reserved 1048576K
GC Heap History (12 events):
Event: 1.375 GC heap before
{Heap before GC invocations=0 (full 0):
 garbage-first heap   total 133120K, used 14076K [0x00000007e0000000, 0x0000000800000000)
  region size 1024K, 14 young (14336K), 0 survivors (0K)
 Metaspace       used 4443K, capacity 6168K, committed 6400K, reserved 1056768K
  class space    used 475K, capacity 674K, committed 768K, reserved 1048576K
}
Event: 1.389 GC heap after
{Heap after GC invocations=1 (full 0):
 garbage-first heap   total 133120K, used 5648K [0x00000007e0000000, 0x0000000800000000)
  region size 1024K, 2 young (2048K), 2 survivors (2048K)
 Metaspace       used 4443K, capacity 6168K, committed 6400K, reserved 1056768K
  class space    used 475K, capacity 674K, committed 768K, reserved 1048576K
}
Event: 1.626 GC heap before
{Heap before GC invocations=1 (full 0):
 garbage-first heap   total 133120K, used 9744K [0x00000007e0000000, 0x0000000800000000)
  region size 1024K, 6 young (6144K), 2 survivors (2048K)
 Metaspace       used 5224K, capacity 6814K, committed 6912K, reserved 1056768K
  class space    used 548K, capacity 739K, committed 768K, reserved 1048576K
}
Event: 1.636 GC heap after
{Heap after GC invocations=2 (full 0):
 garbage-first heap   total 133120K, used 6637K [0x00000007e0000000, 0x0000000800000000)
  region size 1024K, 1 young (1024K), 1 survivors (1024K)
 Metaspace       used 5224K, capacity 6814K, committed 6912K, reserved 1056768K
  class space    used 548K, capacity 739K, committed 768K, reserved 1048576K
}
Event: 2.092 GC heap before
{Heap before GC invocations=2 (full 0):
 garbage-first heap   total 133120K, used 23021K [0x00000007e0000000, 0x0000000800000000)
  region size 1024K, 18 young (18432K), 1 survivors (1024K)
 Metaspace       used 6830K, capacity 8350K, committed 8576K, reserved 1056768K
  class space    used 892K, capacity 1059K, committed 1152K, reserved 1048576K
}
Event: 2.095 GC heap after
{Heap after GC invocations=3 (full 0):
 garbage-first heap   total 133120K, used 6799K [0x00000007e0000000, 0x0000000800000000)
  region size 1024K, 2 young (2048K), 2 survivors (2048K)
 Metaspace       used 6830K, capacity 8350K, committed 8576K, reserved 1056768K
  class space    used 892K, capacity 1059K, committed 1152K, reserved 1048576K
}
Event: 2.647 GC heap before
{Heap before GC invocations=3 (full 0):
 garbage-first heap   total 133120K, used 34447K [0x00000007e0000000, 0x0000000800000000)
  region size 1024K, 29 young (29696K), 2 survivors (2048K)
 Metaspace       used 6908K, capacity 8382K, committed 8576K, reserved 1056768K
  class space    used 899K, capacity 1091K, committed 1152K, reserved 1048576K
}
Event: 2.652 GC heap after
{Heap after GC invocations=4 (full 0):
 garbage-first heap   total 133120K, used 6988K [0x00000007e0000000, 0x0000000800000000)
  region size 1024K, 2 young (2048K), 2 survivors (2048K)
 Metaspace       used 6908K, capacity 8382K, committed 8576K, reserved 1056768K
  class space    used 899K, capacity 1091K, committed 1152K, reserved 1048576K
}
Event: 10.934 GC heap before
{Heap before GC invocations=4 (full 0):
 garbage-first heap   total 133120K, used 65356K [0x00000007e0000000, 0x0000000800000000)
  region size 1024K, 60 young (61440K), 2 survivors (2048K)
 Metaspace       used 20621K, capacity 21106K, committed 21296K, reserved 1067008K
  class space    used 2663K, capacity 2857K, committed 2944K, reserved 1048576K
}
Event: 10.947 GC heap after
{Heap after GC invocations=5 (full 0):
 garbage-first heap   total 133120K, used 10126K [0x00000007e0000000, 0x0000000800000000)
  region size 1024K, 5 young (5120K), 5 survivors (5120K)
 Metaspace       used 20621K, capacity 21106K, committed 21296K, reserved 1067008K
  class space    used 2663K, capacity 2857K, committed 2944K, reserved 1048576K
}
Event: 44.785 GC heap before
{Heap before GC invocations=6 (full 0):
 garbage-first heap   total 48128K, used 45966K [0x00000007e0000000, 0x0000000800000000)
  region size 1024K, 40 young (40960K), 5 survivors (5120K)
 Metaspace       used 26153K, capacity 26698K, committed 27056K, reserved 1073152K
  class space    used 3221K, capacity 3443K, committed 3584K, reserved 1048576K
}
Event: 44.805 GC heap after
{Heap after GC invocations=7 (full 0):
 garbage-first heap   total 57344K, used 13985K [0x00000007e0000000, 0x0000000800000000)
  region size 1024K, 9 young (9216K), 9 survivors (9216K)
 Metaspace       used 26153K, capacity 26698K, committed 27056K, reserved 1073152K
  class space    used 3221K, capacity 3443K, committed 3584K, reserved 1048576K
}

