# JRE version: OpenJDK Runtime Environment (13.0.2+8) (build 13.0.2+8)
# Java VM: OpenJDK 64-Bit Server VM (13.0.2+8, mixed mode, sharing, tiered, compressed oops, g1 gc, bsd-amd64)
Heap:
 garbage-first heap   total 60416K, used 14665K [0x00000007e0000000, 0x0000000800000000)
  region size 1024K, 10 young (10240K), 9 survivors (9216K)
 Metaspace       used 26065K, capacity 26634K, committed 27056K, reserved 1073152K
  class space    used 3215K, capacity 3443K, committed 3584K, reserved 1048576K
GC Heap History (12 events):
Event: 1.226 GC heap before
{Heap before GC invocations=0 (full 0):
 garbage-first heap   total 133120K, used 14076K [0x00000007e0000000, 0x0000000800000000)
  region size 1024K, 14 young (14336K), 0 survivors (0K)
 Metaspace       used 4430K, capacity 6168K, committed 6400K, reserved 1056768K
  class space    used 475K, capacity 674K, committed 768K, reserved 1048576K
}
Event: 1.238 GC heap after
{Heap after GC invocations=1 (full 0):
 garbage-first heap   total 133120K, used 5499K [0x00000007e0000000, 0x0000000800000000)
  region size 1024K, 2 young (2048K), 2 survivors (2048K)
 Metaspace       used 4430K, capacity 6168K, committed 6400K, reserved 1056768K
  class space    used 475K, capacity 674K, committed 768K, reserved 1048576K
}
Event: 1.626 GC heap before
{Heap before GC invocations=1 (full 0):
 garbage-first heap   total 133120K, used 12667K [0x00000007e0000000, 0x0000000800000000)
  region size 1024K, 9 young (9216K), 2 survivors (2048K)
 Metaspace       used 5564K, capacity 7134K, committed 7296K, reserved 1056768K
  class space    used 629K, capacity 803K, committed 896K, reserved 1048576K
}
Event: 1.636 GC heap after
{Heap after GC invocations=2 (full 0):
 garbage-first heap   total 133120K, used 6530K [0x00000007e0000000, 0x0000000800000000)
  region size 1024K, 2 young (2048K), 2 survivors (2048K)
 Metaspace       used 5564K, capacity 7134K, committed 7296K, reserved 1056768K
  class space    used 629K, capacity 803K, committed 896K, reserved 1048576K
}
Event: 2.134 GC heap before
{Heap before GC invocations=2 (full 0):
 garbage-first heap   total 133120K, used 31106K [0x00000007e0000000, 0x0000000800000000)
  region size 1024K, 27 young (27648K), 2 survivors (2048K)
 Metaspace       used 6885K, capacity 8382K, committed 8576K, reserved 1056768K
  class space    used 899K, capacity 1091K, committed 1152K, reserved 1048576K
}
Event: 2.137 GC heap after
{Heap after GC invocations=3 (full 0):
 garbage-first heap   total 133120K, used 6733K [0x00000007e0000000, 0x0000000800000000)
  region size 1024K, 2 young (2048K), 2 survivors (2048K)
 Metaspace       used 6885K, capacity 8382K, committed 8576K, reserved 1056768K
  class space    used 899K, capacity 1091K, committed 1152K, reserved 1048576K
}
Event: 3.006 GC heap before
{Heap before GC invocations=3 (full 0):
 garbage-first heap   total 133120K, used 82509K [0x00000007e0000000, 0x0000000800000000)
  region size 1024K, 76 young (77824K), 2 survivors (2048K)
 Metaspace       used 6909K, capacity 8446K, committed 8576K, reserved 1056768K
  class space    used 899K, capacity 1091K, committed 1152K, reserved 1048576K
}
Event: 3.016 GC heap after
{Heap after GC invocations=4 (full 0):
 garbage-first heap   total 133120K, used 6932K [0x00000007e0000000, 0x0000000800000000)
  region size 1024K, 2 young (2048K), 2 survivors (2048K)
 Metaspace       used 6909K, capacity 8446K, committed 8576K, reserved 1056768K
  class space    used 899K, capacity 1091K, committed 1152K, reserved 1048576K
}
Event: 6.727 GC heap before
{Heap before GC invocations=4 (full 0):
 garbage-first heap   total 133120K, used 24340K [0x00000007e0000000, 0x0000000800000000)
  region size 1024K, 20 young (20480K), 2 survivors (2048K)
 Metaspace       used 20627K, capacity 21105K, committed 21296K, reserved 1067008K
  class space    used 2671K, capacity 2857K, committed 2944K, reserved 1048576K
}
Event: 6.737 GC heap after
{Heap after GC invocations=5 (full 0):
 garbage-first heap   total 133120K, used 10085K [0x00000007e0000000, 0x0000000800000000)
  region size 1024K, 5 young (5120K), 5 survivors (5120K)
 Metaspace       used 20627K, capacity 21105K, committed 21296K, reserved 1067008K
  class space    used 2671K, capacity 2857K, committed 2944K, reserved 1048576K
}
Event: 25.744 GC heap before
{Heap before GC invocations=6 (full 0):
 garbage-first heap   total 51200K, used 48997K [0x00000007e0000000, 0x0000000800000000)
  region size 1024K, 43 young (44032K), 5 survivors (5120K)
 Metaspace       used 26058K, capacity 26634K, committed 27056K, reserved 1073152K
  class space    used 3215K, capacity 3443K, committed 3584K, reserved 1048576K
}
Event: 25.763 GC heap after
{Heap after GC invocations=7 (full 0):
 garbage-first heap   total 60416K, used 14665K [0x00000007e0000000, 0x0000000800000000)
  region size 1024K, 9 young (9216K), 9 survivors (9216K)
 Metaspace       used 26058K, capacity 26634K, committed 27056K, reserved 1073152K
  class space    used 3215K, capacity 3443K, committed 3584K, reserved 1048576K
}

